[2017-06-30 07:45:01] production.DEBUG: Flarum\Http\Exception\RouteNotFoundException in /Applications/MAMP/htdocs/forum/vendor/flarum/core/src/Http/Middleware/DispatchRoute.php:62
Stack trace:
#0 /Applications/MAMP/htdocs/forum/vendor/zendframework/zend-stratigility/src/Dispatch.php(82): Flarum\Http\Middleware\DispatchRoute->__invoke(Object(Zend\Stratigility\Http\Request), Object(Zend\Stratigility\Http\Response), Object(Zend\Stratigility\Next))
#1 /Applications/MAMP/htdocs/forum/vendor/zendframework/zend-stratigility/src/Next.php(113): Zend\Stratigility\Dispatch->__invoke(Object(Zend\Stratigility\Route), NULL, Object(Zend\Stratigility\Http\Request), Object(Zend\Stratigility\Http\Response), Object(Zend\Stratigility\Next))
#2 /Applications/MAMP/htdocs/forum/vendor/flarum/core/src/Admin/Middleware/RequireAdministrateAbility.php(29): Zend\Stratigility\Next->__invoke(Object(Zend\Stratigility\Http\Request), Object(Zend\Stratigility\Http\Response))
#3 /Applications/MAMP/htdocs/forum/vendor/zendframework/zend-stratigility/src/Dispatch.php(82): Flarum\Admin\Middleware\RequireAdministrateAbility->__invoke(Object(Zend\Stratigility\Http\Request), Object(Zend\Stratigility\Http\Response), Object(Zend\Stratigility\Next))
#4 /Applications/MAMP/htdocs/forum/vendor/zendframework/zend-stratigility/src/Next.php(113): Zend\Stratigility\Dispatch->__invoke(Object(Zend\Stratigility\Route), NULL, Object(Zend\Stratigility\Http\Request), Object(Zend\Stratigility\Http\Response), Object(Zend\Stratigility\Next))
#5 /Applications/MAMP/htdocs/forum/vendor/flarum/core/src/Http/Middleware/SetLocale.php(50): Zend\Stratigility\Next->__invoke(Object(Zend\Stratigility\Http\Request), Object(Zend\Stratigility\Http\Response))
#6 /Applications/MAMP/htdocs/forum/vendor/zendframework/zend-stratigility/src/Dispatch.php(82): Flarum\Http\Middleware\SetLocale->__invoke(Object(Zend\Stratigility\Http\Request), Object(Zend\Stratigility\Http\Response), Object(Zend\Stratigility\Next))
#7 /Applications/MAMP/htdocs/forum/vendor/zendframework/zend-stratigility/src/Next.php(113): Zend\Stratigility\Dispatch->__invoke(Object(Zend\Stratigility\Route), NULL, Object(Zend\Stratigility\Http\Request), Object(Zend\Stratigility\Http\Response), Object(Zend\Stratigility\Next))
#8 /Applications/MAMP/htdocs/forum/vendor/flarum/core/src/Http/Middleware/AuthenticateWithSession.php(33): Zend\Stratigility\Next->__invoke(Object(Zend\Stratigility\Http\Request), Object(Zend\Stratigility\Http\Response))
#9 /Applications/MAMP/htdocs/forum/vendor/zendframework/zend-stratigility/src/Dispatch.php(82): Flarum\Http\Middleware\AuthenticateWithSession->__invoke(Object(Zend\Stratigility\Http\Request), Object(Zend\Stratigility\Http\Response), Object(Zend\Stratigility\Next))
#10 /Applications/MAMP/htdocs/forum/vendor/zendframework/zend-stratigility/src/Next.php(113): Zend\Stratigility\Dispatch->__invoke(Object(Zend\Stratigility\Route), NULL, Object(Zend\Stratigility\Http\Request), Object(Zend\Stratigility\Http\Response), Object(Zend\Stratigility\Next))
#11 /Applications/MAMP/htdocs/forum/vendor/flarum/core/src/Http/Middleware/RememberFromCookie.php(38): Zend\Stratigility\Next->__invoke(Object(Zend\Stratigility\Http\Request), Object(Zend\Stratigility\Http\Response))
#12 /Applications/MAMP/htdocs/forum/vendor/zendframework/zend-stratigility/src/Dispatch.php(82): Flarum\Http\Middleware\RememberFromCookie->__invoke(Object(Zend\Stratigility\Http\Request), Object(Zend\Stratigility\Http\Response), Object(Zend\Stratigility\Next))
#13 /Applications/MAMP/htdocs/forum/vendor/zendframework/zend-stratigility/src/Next.php(113): Zend\Stratigility\Dispatch->__invoke(Object(Zend\Stratigility\Route), NULL, Object(Zend\Stratigility\Http\Request), Object(Zend\Stratigility\Http\Response), Object(Zend\Stratigility\Next))
#14 /Applications/MAMP/htdocs/forum/vendor/flarum/core/src/Http/Middleware/StartSession.php(33): Zend\Stratigility\Next->__invoke(Object(Zend\Stratigility\Http\Request), Object(Zend\Stratigility\Http\Response))
#15 /Applications/MAMP/htdocs/forum/vendor/zendframework/zend-stratigility/src/Dispatch.php(82): Flarum\Http\Middleware\StartSession->__invoke(Object(Zend\Stratigility\Http\Request), Object(Zend\Stratigility\Http\Response), Object(Zend\Stratigility\Next))
#16 /Applications/MAMP/htdocs/forum/vendor/zendframework/zend-stratigility/src/Next.php(113): Zend\Stratigility\Dispatch->__invoke(Object(Zend\Stratigility\Route), NULL, Object(Zend\Stratigility\Http\Request), Object(Zend\Stratigility\Http\Response), Object(Zend\Stratigility\Next))
#17 /Applications/MAMP/htdocs/forum/vendor/flarum/core/src/Http/Middleware/ParseJsonBody.php(30): Zend\Stratigility\Next->__invoke(Object(Zend\Stratigility\Http\Request), Object(Zend\Stratigility\Http\Response))
#18 /Applications/MAMP/htdocs/forum/vendor/zendframework/zend-stratigility/src/Dispatch.php(82): Flarum\Http\Middleware\ParseJsonBody->__invoke(Object(Zend\Stratigility\Http\Request), Object(Zend\Stratigility\Http\Response), Object(Zend\Stratigility\Next))
#19 /Applications/MAMP/htdocs/forum/vendor/zendframework/zend-stratigility/src/Next.php(113): Zend\Stratigility\Dispatch->__invoke(Object(Zend\Stratigility\Route), NULL, Object(Zend\Stratigility\Http\Request), Object(Zend\Stratigility\Http\Response), Object(Zend\Stratigility\Next))
#20 /Applications/MAMP/htdocs/forum/vendor/zendframework/zend-stratigility/src/MiddlewarePipe.php(75): Zend\Stratigility\Next->__invoke(Object(Zend\Stratigility\Http\Request), Object(Zend\Stratigility\Http\Response))
#21 /Applications/MAMP/htdocs/forum/vendor/flarum/core/src/Http/AbstractServer.php(53): Zend\Stratigility\MiddlewarePipe->__invoke(Object(Zend\Stratigility\Http\Request), Object(Zend\Stratigility\Http\Response), NULL)
#22 /Applications/MAMP/htdocs/forum/vendor/zendframework/zend-diactoros/src/Server.php(166): Flarum\Http\AbstractServer->__invoke(Object(Zend\Diactoros\ServerRequest), Object(Zend\Diactoros\Response), NULL)
#23 /Applications/MAMP/htdocs/forum/vendor/flarum/core/src/Http/AbstractServer.php(34): Zend\Diactoros\Server->listen()
#24 /Applications/MAMP/htdocs/forum/admin.php(16): Flarum\Http\AbstractServer->listen()
#25 {main}  
